{
  "stats": {
    "suites": 5,
    "tests": 29,
    "passes": 29,
    "pending": 0,
    "failures": 0,
    "start": "2024-10-30T06:52:07.109Z",
    "end": "2024-10-30T06:54:03.415Z",
    "duration": 116306,
    "testsRegistered": 29,
    "passPercent": 100,
    "pendingPercent": 0,
    "other": 0,
    "hasOther": false,
    "skipped": 0,
    "hasSkipped": false
  },
  "results": [
    {
      "uuid": "6054f780-712c-4057-895e-21e29f3d36d9",
      "title": "",
      "fullFile": "C:\\Users\\amany\\React\\my-react-project\\src\\test\\final1.test.js",
      "file": "\\src\\test\\final1.test.js",
      "beforeHooks": [],
      "afterHooks": [],
      "tests": [],
      "suites": [
        {
          "uuid": "5b49c26d-a238-4370-8404-4909dbf53514",
          "title": "ncs-app",
          "fullFile": "C:\\Users\\amany\\React\\my-react-project\\src\\test\\final1.test.js",
          "file": "\\src\\test\\final1.test.js",
          "beforeHooks": [
            {
              "title": "\"before all\" hook in \"ncs-app\"",
              "fullTitle": "ncs-app \"before all\" hook in \"ncs-app\"",
              "timedOut": false,
              "duration": 7443,
              "state": null,
              "speed": null,
              "pass": false,
              "fail": false,
              "pending": false,
              "context": null,
              "code": "this.timeout(15000000);\n// Create Firefox options and set preferences\nconst options = new firefox.Options();\noptions.setPreference('media.navigator.permission.disabled', true);  // Disable permission prompts for media devices\noptions.setPreference('media.navigator.video.enabled', true);       // Enable video\noptions.setPreference('media.navigator.audio.enabled', true);       // Enable audio\noptions.setPreference('media.autoplay.default', 0);                // Allow autoplay of media\noptions.setPreference('permissions.default.camera', 1);            // Allow camera access\noptions.setPreference('permissions.default.microphone', 1);        // Allow microphone access\noptions.setPreference('permissions.default.desktop', 1);           // Allow screen sharing access\n// Initialize the WebDriver with the Firefox options\ndriver = await new Builder()\n  .forBrowser(Browser.FIREFOX)\n  .setFirefoxOptions(options)\n  .build();\nawait driver.manage().window().maximize();\nawait driver.get(\"http://localhost:3000/app/home\");\nvars = {};",
              "err": {},
              "uuid": "84335105-8048-413c-b3f6-7a9a7265f9d1",
              "parentUUID": "5b49c26d-a238-4370-8404-4909dbf53514",
              "isHook": true,
              "skipped": false
            }
          ],
          "afterHooks": [
            {
              "title": "\"after all\" hook in \"ncs-app\"",
              "fullTitle": "ncs-app \"after all\" hook in \"ncs-app\"",
              "timedOut": false,
              "duration": 0,
              "state": null,
              "speed": null,
              "pass": false,
              "fail": false,
              "pending": false,
              "context": null,
              "code": "if (driver) {\n  //await driver.quit(); // Close the browser if the driver is defined\n}",
              "err": {},
              "uuid": "bc9ad9b1-57c1-48b3-976d-0b070c9fbd8d",
              "parentUUID": "5b49c26d-a238-4370-8404-4909dbf53514",
              "isHook": true,
              "skipped": false
            }
          ],
          "tests": [],
          "suites": [
            {
              "uuid": "b7a0b0b1-1d4b-43a6-99d7-80e02f7fb2d7",
              "title": "LOGIN SESSION",
              "fullFile": "C:\\Users\\amany\\React\\my-react-project\\src\\test\\final1.test.js",
              "file": "\\src\\test\\final1.test.js",
              "beforeHooks": [],
              "afterHooks": [],
              "tests": [
                {
                  "title": "login_invalid For User",
                  "fullTitle": "ncs-app LOGIN SESSION login_invalid For User",
                  "timedOut": false,
                  "duration": 1302,
                  "state": "passed",
                  "speed": "slow",
                  "pass": true,
                  "fail": false,
                  "pending": false,
                  "context": null,
                  "code": "let usernameField = await driver.findElement(By.id(\"loginUserName\"));\nlet passwordField = await driver.findElement(By.id(\"loginPassword\"));\nawait usernameField.click();\nawait usernameField.sendKeys(\"amanyujith4444@gmail.com\");\nawait passwordField.click();\nawait passwordField.sendKeys(\"123456\");\nawait driver.findElement(By.id(\"loginButton\")).click();\nlet errorMessageElement = await driver.wait(\n  until.elementLocated(By.css(\".top-36\")),\n  5000\n);\nlet isDisplayed = await errorMessageElement.isDisplayed();\nassert.strictEqual(isDisplayed, true, \"Error message is not displayed.\");\nif (await errorMessageElement.isDisplayed()) {\n  await usernameField.clear();\n  await passwordField.clear();\n}",
                  "err": {},
                  "uuid": "8083cbaa-52c3-4938-918a-649703741964",
                  "parentUUID": "b7a0b0b1-1d4b-43a6-99d7-80e02f7fb2d7",
                  "isHook": false,
                  "skipped": false
                },
                {
                  "title": " clicked the forgot password button and cancelled",
                  "fullTitle": "ncs-app LOGIN SESSION  clicked the forgot password button and cancelled",
                  "timedOut": false,
                  "duration": 729,
                  "state": "passed",
                  "speed": "slow",
                  "pass": true,
                  "fail": false,
                  "pending": false,
                  "context": null,
                  "code": "const forgotButton = await driver.findElement(By.id(\"ForgotPassword\"));\nawait forgotButton.click();\n  \nconst cancelButton = await driver.findElement(By.id(\"ForgotPasswordCancelButton\"));\nawait cancelButton.click();\n  \nconst forgotButtonAgain = await driver.wait(\n    until.elementLocated(By.id(\"ForgotPassword\")),\n    5000\n);\nawait forgotButtonAgain.click();",
                  "err": {},
                  "uuid": "bc5a6d69-c3b6-4ecd-8f29-ec025c95773e",
                  "parentUUID": "b7a0b0b1-1d4b-43a6-99d7-80e02f7fb2d7",
                  "isHook": false,
                  "skipped": false
                },
                {
                  "title": "should display an error message for invalid email",
                  "fullTitle": "ncs-app LOGIN SESSION should display an error message for invalid email",
                  "timedOut": false,
                  "duration": 565,
                  "state": "passed",
                  "speed": "slow",
                  "pass": true,
                  "fail": false,
                  "pending": false,
                  "context": null,
                  "code": "const email = await driver.findElement(By.id(\"forgotPasswordemailId\"));\nawait email.click();\nawait email.sendKeys(\"kjhdfdshsdfd\");\n  \nconst passwordReset = await driver.findElement(By.id(\"PasswordResetButton\"));\nawait passwordReset.click();\n  \nconst errorMessageElement = await driver.wait(\n    until.elementLocated(By.xpath(\"//div[text()='Invalid Mail ID']\")),\n    5000\n);\nconst isErrorDisplayed = await errorMessageElement.isDisplayed();\nassert.strictEqual(\n    isErrorDisplayed,\n    true,\n    \"Error message is not displayed as expected.\"\n);",
                  "err": {},
                  "uuid": "7f84668e-eb4f-442d-90da-cc7cdc8629e1",
                  "parentUUID": "b7a0b0b1-1d4b-43a6-99d7-80e02f7fb2d7",
                  "isHook": false,
                  "skipped": false
                },
                {
                  "title": "should reset password with a valid email ",
                  "fullTitle": "ncs-app LOGIN SESSION should reset password with a valid email ",
                  "timedOut": false,
                  "duration": 1837,
                  "state": "passed",
                  "speed": "slow",
                  "pass": true,
                  "fail": false,
                  "pending": false,
                  "context": null,
                  "code": "const email = await driver.findElement(By.id(\"forgotPasswordemailId\"));\nawait email.click();\nawait email.clear(); \nawait email.sendKeys(\"a@gmail.com\");\n  \nconst passwordReset = await driver.findElement(By.id(\"PasswordResetButton\"));\nawait passwordReset.click();\n  \nconst resetMessageElement = await driver.wait(\n    until.elementLocated(By.xpath(\"//div[text()='Password Reset']\")),\n    5000\n);\nconst isResetDisplayed = await resetMessageElement.isDisplayed();\nassert.strictEqual(\n    isResetDisplayed,\n    true,\n    \"Password reset message is not displayed as expected\"\n);\n  \nconst okButton = await driver.wait(\n    until.elementLocated(By.id(\"ForgotPasswordMailButton\")),\n    5000\n);\nawait okButton.click();",
                  "err": {},
                  "uuid": "8cb6c937-2ea8-4864-942c-1414ea2ebaff",
                  "parentUUID": "b7a0b0b1-1d4b-43a6-99d7-80e02f7fb2d7",
                  "isHook": false,
                  "skipped": false
                },
                {
                  "title": "NCS App Test-Login Case",
                  "fullTitle": "ncs-app LOGIN SESSION NCS App Test-Login Case",
                  "timedOut": false,
                  "duration": 792,
                  "state": "passed",
                  "speed": "slow",
                  "pass": true,
                  "fail": false,
                  "pending": false,
                  "context": null,
                  "code": "await driver.findElement(By.id(\"loginUserName\")).click();\nawait driver\n  .findElement(By.id(\"loginUserName\"))\n  .sendKeys(\"sidharth.sl@netstratum.com\");\nawait driver.findElement(By.id(\"loginPassword\")).click();\nawait driver.findElement(By.id(\"loginPassword\")).sendKeys(\"12345\");\nawait driver.findElement(By.id(\"loginButton\")).click();",
                  "err": {},
                  "uuid": "22efed0e-b252-40f8-84b3-c0bc110bd3b7",
                  "parentUUID": "b7a0b0b1-1d4b-43a6-99d7-80e02f7fb2d7",
                  "isHook": false,
                  "skipped": false
                }
              ],
              "suites": [],
              "passes": [
                "8083cbaa-52c3-4938-918a-649703741964",
                "bc5a6d69-c3b6-4ecd-8f29-ec025c95773e",
                "7f84668e-eb4f-442d-90da-cc7cdc8629e1",
                "8cb6c937-2ea8-4864-942c-1414ea2ebaff",
                "22efed0e-b252-40f8-84b3-c0bc110bd3b7"
              ],
              "failures": [],
              "pending": [],
              "skipped": [],
              "duration": 5225,
              "root": false,
              "rootEmpty": false,
              "_timeout": 120000
            },
            {
              "uuid": "74fe0be0-d5a6-4921-a6aa-0c029183602d",
              "title": "Start Meeting",
              "fullFile": "C:\\Users\\amany\\React\\my-react-project\\src\\test\\final1.test.js",
              "file": "\\src\\test\\final1.test.js",
              "beforeHooks": [],
              "afterHooks": [],
              "tests": [
                {
                  "title": "Starting a meeting",
                  "fullTitle": "ncs-app Start Meeting Starting a meeting",
                  "timedOut": false,
                  "duration": 9297,
                  "state": "passed",
                  "speed": "slow",
                  "pass": true,
                  "fail": false,
                  "pending": false,
                  "context": null,
                  "code": "await driver.wait(until.elementLocated(By.id('MEETINGSECTION')),3000).click();\n    const start = await driver.wait(until.elementLocated(By.id('startaMeeting')),4000);\n    await start.click();\nconst tabs = await driver.getAllWindowHandles();\nawait driver.switchTo().window(tabs[1]);\nconst joinButton = await driver.wait(until.elementLocated(By.id('joinButton')),20000);\nawait driver.wait(until.elementIsVisible(joinButton), 10000);\nawait joinButton.click();",
                  "err": {},
                  "uuid": "7a0e6844-5e11-4f46-a07b-88bf673d198b",
                  "parentUUID": "74fe0be0-d5a6-4921-a6aa-0c029183602d",
                  "isHook": false,
                  "skipped": false
                },
                {
                  "title": "End the Meeting",
                  "fullTitle": "ncs-app Start Meeting End the Meeting",
                  "timedOut": false,
                  "duration": 4950,
                  "state": "passed",
                  "speed": "slow",
                  "pass": true,
                  "fail": false,
                  "pending": false,
                  "context": null,
                  "code": "const leaveIcon = await driver.wait( until.elementLocated(By.id('leaveIcon')),10000);\nawait driver.wait(until.elementIsVisible(leaveIcon), 10000);\nawait leaveIcon.click();\n\nconst endButton = await driver.wait(until.elementLocated(By.id('endButton')), 10000);\nawait endButton.click();\nconst elementWithText = await driver.wait( until.elementLocated(By.xpath(\"//*[contains(text(), 'Meeting Ended')]\")),10000);\nawait driver.wait(until.elementIsVisible(elementWithText), 10000);\nawait driver.wait(until.elementTextIs(elementWithText, 'Meeting Ended'),10000);\nawait driver.close();\nconst tabs = await driver.getAllWindowHandles();\nawait driver.switchTo().window(tabs[0]);",
                  "err": {},
                  "uuid": "ddbca393-c612-4a3a-8e08-cf3812859ed8",
                  "parentUUID": "74fe0be0-d5a6-4921-a6aa-0c029183602d",
                  "isHook": false,
                  "skipped": false
                }
              ],
              "suites": [],
              "passes": [
                "7a0e6844-5e11-4f46-a07b-88bf673d198b",
                "ddbca393-c612-4a3a-8e08-cf3812859ed8"
              ],
              "failures": [],
              "pending": [],
              "skipped": [],
              "duration": 14247,
              "root": false,
              "rootEmpty": false,
              "_timeout": 100000
            },
            {
              "uuid": "bfe3f1a9-cfde-499b-8807-b5bebdf90955",
              "title": "PBX",
              "fullFile": "C:\\Users\\amany\\React\\my-react-project\\src\\test\\final1.test.js",
              "file": "\\src\\test\\final1.test.js",
              "beforeHooks": [],
              "afterHooks": [],
              "tests": [
                {
                  "title": "PBX-SEARCH",
                  "fullTitle": "ncs-app PBX PBX-SEARCH",
                  "timedOut": false,
                  "duration": 5710,
                  "state": "passed",
                  "speed": "slow",
                  "pass": true,
                  "fail": false,
                  "pending": false,
                  "context": null,
                  "code": "//  const originalWindow = await driver.getWindowHandle();\n await driver.wait(until.elementLocated(By.id(\"PBXSECTION\")), 5000).click();\n await driver.executeScript(\"arguments[0].scrollIntoView(true);\", await driver.findElement(By.id(\"PBXSECTION-LINK\")));\n  // const search = await driver.wait(\n  //   until.elementLocated(By.id(\"searchContactsnumbersnames\")),5000);\n  // await search.click();\n  // await search.sendKeys(\"Dilshad M\");\n  // await search.sendKeys(Key.ENTER);\n  // await driver.wait(until.elementLocated(By.id(\"name\")), 5000).click();\n  await driver.sleep(5000);\n  // await driver.wait(until.elementLocated(By.id(\"phone-icon\")), 5000).click();\n  // await driver.sleep(5000);\n  // await driver.wait(until.elementLocated(By.id(\"endcall\")), 5000).click();\n  // await driver.sleep(5000);",
                  "err": {},
                  "uuid": "1d88bd34-3e9e-46c4-920e-ccd8788aba18",
                  "parentUUID": "bfe3f1a9-cfde-499b-8807-b5bebdf90955",
                  "isHook": false,
                  "skipped": false
                }
              ],
              "suites": [],
              "passes": [
                "1d88bd34-3e9e-46c4-920e-ccd8788aba18"
              ],
              "failures": [],
              "pending": [],
              "skipped": [],
              "duration": 5710,
              "root": false,
              "rootEmpty": false,
              "_timeout": 100000
            },
            {
              "uuid": "d2deb9bb-4ef6-40db-ab04-8018d5f08d0d",
              "title": "Profile Dropdown",
              "fullFile": "C:\\Users\\amany\\React\\my-react-project\\src\\test\\final1.test.js",
              "file": "\\src\\test\\final1.test.js",
              "beforeHooks": [],
              "afterHooks": [],
              "tests": [
                {
                  "title": "updating status",
                  "fullTitle": "ncs-app Profile Dropdown updating status",
                  "timedOut": false,
                  "duration": 6720,
                  "state": "passed",
                  "speed": "slow",
                  "pass": true,
                  "fail": false,
                  "pending": false,
                  "context": null,
                  "code": "await driver.manage().window().maximize();\n\n\n// const drop =await driver.findElement(By.xpath('/html/body/div/div/div[2]/div[2]/div/div/div/main/div/div/div[1]/div[2]/div[2]/button/div/div[2]'));\n// await drop.click();\n\nawait driver.findElement(By.id('profile-dropdown')).click();\nawait driver.wait(until.elementLocated(By.id(\"statusDropdown\")), 5000).click();\nawait driver.findElement(By.id('status-0')).click();\nawait driver.sleep(1000);\nawait driver.wait(until.elementLocated(By.id(\"statusDropdown\")), 5000).click();\nawait driver.findElement(By.id('status-1')).click();\nawait driver.sleep(1000);\nawait driver.wait(until.elementLocated(By.id(\"statusDropdown\")), 5000).click();\nawait driver.findElement(By.id('status-2')).click();\nawait driver.sleep(1000);\nawait driver.wait(until.elementLocated(By.id(\"statusDropdown\")), 5000).click();\nawait driver.findElement(By.id('status-3')).click();\nawait driver.sleep(1000);",
                  "err": {},
                  "uuid": "53b82974-c9d4-48d5-b048-f9ba469bfac5",
                  "parentUUID": "d2deb9bb-4ef6-40db-ab04-8018d5f08d0d",
                  "isHook": false,
                  "skipped": false
                },
                {
                  "title": "Saving status",
                  "fullTitle": "ncs-app Profile Dropdown Saving status",
                  "timedOut": false,
                  "duration": 1284,
                  "state": "passed",
                  "speed": "slow",
                  "pass": true,
                  "fail": false,
                  "pending": false,
                  "context": null,
                  "code": "await driver.findElement(By.id('save-status')).click();\nawait driver.sleep(1000);",
                  "err": {},
                  "uuid": "0cc2a4d4-091f-4a8a-891e-78ed2860de82",
                  "parentUUID": "d2deb9bb-4ef6-40db-ab04-8018d5f08d0d",
                  "isHook": false,
                  "skipped": false
                },
                {
                  "title": "Clearing status",
                  "fullTitle": "ncs-app Profile Dropdown Clearing status",
                  "timedOut": false,
                  "duration": 2263,
                  "state": "passed",
                  "speed": "slow",
                  "pass": true,
                  "fail": false,
                  "pending": false,
                  "context": null,
                  "code": "await driver.findElement(By.id('clear-status')).click();\nawait driver.sleep(2000);",
                  "err": {},
                  "uuid": "041cfa6a-9265-4027-a804-3846673c58f6",
                  "parentUUID": "d2deb9bb-4ef6-40db-ab04-8018d5f08d0d",
                  "isHook": false,
                  "skipped": false
                },
                {
                  "title": "Clicking preferences and selecting profile",
                  "fullTitle": "ncs-app Profile Dropdown Clicking preferences and selecting profile",
                  "timedOut": false,
                  "duration": 4629,
                  "state": "passed",
                  "speed": "slow",
                  "pass": true,
                  "fail": false,
                  "pending": false,
                  "context": null,
                  "code": "await driver.wait(until.elementLocated(By.id(\"preferences\")), 5000).click();\nawait driver.sleep(2000);\nawait driver.wait(until.elementLocated(By.id(\"Profile\")), 5000).click();\nawait driver.sleep(2000);",
                  "err": {},
                  "uuid": "e034beb6-e77c-41c3-a166-42513954d2f5",
                  "parentUUID": "d2deb9bb-4ef6-40db-ab04-8018d5f08d0d",
                  "isHook": false,
                  "skipped": false
                },
                {
                  "title": "updating phone number",
                  "fullTitle": "ncs-app Profile Dropdown updating phone number",
                  "timedOut": false,
                  "duration": 4369,
                  "state": "passed",
                  "speed": "slow",
                  "pass": true,
                  "fail": false,
                  "pending": false,
                  "context": null,
                  "code": "await driver.wait(until.elementLocated(By.id(\"displayName\")), 5000).click();\nawait driver.sleep(2000);\nlet phoneNumber = await driver.wait(until.elementLocated(By.id(\"phoneNumber\")), 5000)\nawait phoneNumber.sendKeys('73567 91418');\nawait driver.sleep(2000);",
                  "err": {},
                  "uuid": "c69788a4-3f45-465c-8307-fc68a7dcc3da",
                  "parentUUID": "d2deb9bb-4ef6-40db-ab04-8018d5f08d0d",
                  "isHook": false,
                  "skipped": false
                },
                {
                  "title": "uploading profile picture",
                  "fullTitle": "ncs-app Profile Dropdown uploading profile picture",
                  "timedOut": false,
                  "duration": 1297,
                  "state": "passed",
                  "speed": "slow",
                  "pass": true,
                  "fail": false,
                  "pending": false,
                  "context": null,
                  "code": "let fileInput = await driver.findElement(By.id('profile-photo'));\n\n// Directly provide the full path to the image you want to upload\nlet filePath = 'C:\\\\Users\\\\amany\\\\Desktop\\\\Amanyu\\\\Amanyu.jpg'; // Ensure double backslashes for Windows paths\nawait driver.sleep(1000);\n// Use sendKeys to upload the file (bypassing the file upload popup)\nawait fileInput.sendKeys(filePath);\n\n// Optionally, you can click the update button after uploading the file\nawait driver.wait(until.elementLocated(By.id('updateImage')), 5000).click();",
                  "err": {},
                  "uuid": "63ab0952-1b48-4957-bcb2-a512e7c9eefc",
                  "parentUUID": "d2deb9bb-4ef6-40db-ab04-8018d5f08d0d",
                  "isHook": false,
                  "skipped": false
                },
                {
                  "title": "Removing profile picture",
                  "fullTitle": "ncs-app Profile Dropdown Removing profile picture",
                  "timedOut": false,
                  "duration": 2250,
                  "state": "passed",
                  "speed": "slow",
                  "pass": true,
                  "fail": false,
                  "pending": false,
                  "context": null,
                  "code": "await driver.sleep(2000);\nawait driver.wait(until.elementLocated(By.id(\"removeProfilePicture\")), 5000).click();",
                  "err": {},
                  "uuid": "3e2e40bd-86c5-4ee6-86be-5273ce8b1298",
                  "parentUUID": "d2deb9bb-4ef6-40db-ab04-8018d5f08d0d",
                  "isHook": false,
                  "skipped": false
                },
                {
                  "title": "setting the current status",
                  "fullTitle": "ncs-app Profile Dropdown setting the current status",
                  "timedOut": false,
                  "duration": 9186,
                  "state": "passed",
                  "speed": "slow",
                  "pass": true,
                  "fail": false,
                  "pending": false,
                  "context": null,
                  "code": "await driver.sleep(2000);\nawait driver.wait(until.elementLocated(By.id(\"status-1\")), 5000).click();\nawait driver.sleep(2000);\nawait driver.wait(until.elementLocated(By.id(\"status-2\")), 5000).click();\nawait driver.sleep(2000);\nawait driver.wait(until.elementLocated(By.id(\"status-3\")), 5000).click();\nawait driver.sleep(2000);\nawait driver.wait(until.elementLocated(By.id(\"status-4\")), 5000).click();",
                  "err": {},
                  "uuid": "ded08efb-498c-4e7c-94e6-f38c00a8799b",
                  "parentUUID": "d2deb9bb-4ef6-40db-ab04-8018d5f08d0d",
                  "isHook": false,
                  "skipped": false
                },
                {
                  "title": "clearing the status",
                  "fullTitle": "ncs-app Profile Dropdown clearing the status",
                  "timedOut": false,
                  "duration": 2271,
                  "state": "passed",
                  "speed": "slow",
                  "pass": true,
                  "fail": false,
                  "pending": false,
                  "context": null,
                  "code": "await driver.sleep(2000);\nawait driver.wait(until.elementLocated(By.id(\"clear-status\")), 5000).click();",
                  "err": {},
                  "uuid": "edcbb0bf-cdda-4215-bd0f-a8ea15b970d3",
                  "parentUUID": "d2deb9bb-4ef6-40db-ab04-8018d5f08d0d",
                  "isHook": false,
                  "skipped": false
                },
                {
                  "title": "setting timezone",
                  "fullTitle": "ncs-app Profile Dropdown setting timezone",
                  "timedOut": false,
                  "duration": 9162,
                  "state": "passed",
                  "speed": "slow",
                  "pass": true,
                  "fail": false,
                  "pending": false,
                  "context": null,
                  "code": "await driver.sleep(2000);\nconst timezone = await driver.wait(until.elementLocated(By.id(\"timezone\")), 5000);\n// await timezone.click();\nawait driver.executeScript(\"arguments[0].scrollIntoView(true);\", timezone);\nawait driver.sleep(3000);  // Give it some time to scroll\nawait driver.executeScript(\"arguments[0].click();\", timezone);\nawait driver.sleep(2000);  \nawait driver.executeScript(\"arguments[0].click();\", timezone);\nawait driver.sleep(2000);",
                  "err": {},
                  "uuid": "ecd3296f-78e7-4428-95db-14075b2f654d",
                  "parentUUID": "d2deb9bb-4ef6-40db-ab04-8018d5f08d0d",
                  "isHook": false,
                  "skipped": false
                },
                {
                  "title": "saving the changes",
                  "fullTitle": "ncs-app Profile Dropdown saving the changes",
                  "timedOut": false,
                  "duration": 2258,
                  "state": "passed",
                  "speed": "slow",
                  "pass": true,
                  "fail": false,
                  "pending": false,
                  "context": null,
                  "code": "await driver.wait(until.elementLocated(By.id(\"saveallchanges\")), 5000).click();\nawait driver.sleep(2000);",
                  "err": {},
                  "uuid": "b5c16338-9748-46e5-9148-21cadd6a3b33",
                  "parentUUID": "d2deb9bb-4ef6-40db-ab04-8018d5f08d0d",
                  "isHook": false,
                  "skipped": false
                },
                {
                  "title": "audio and video",
                  "fullTitle": "ncs-app Profile Dropdown audio and video",
                  "timedOut": false,
                  "duration": 2304,
                  "state": "passed",
                  "speed": "slow",
                  "pass": true,
                  "fail": false,
                  "pending": false,
                  "context": null,
                  "code": "await driver.wait(until.elementLocated(By.id(\"Audio & Video\")), 5000).click();\nawait driver.sleep(2000);",
                  "err": {},
                  "uuid": "a60394da-a074-4718-a95d-a0d6daa76903",
                  "parentUUID": "d2deb9bb-4ef6-40db-ab04-8018d5f08d0d",
                  "isHook": false,
                  "skipped": false
                },
                {
                  "title": "Notification",
                  "fullTitle": "ncs-app Profile Dropdown Notification",
                  "timedOut": false,
                  "duration": 365,
                  "state": "passed",
                  "speed": "slow",
                  "pass": true,
                  "fail": false,
                  "pending": false,
                  "context": null,
                  "code": "await driver.wait(until.elementLocated(By.id(\"Notification\")), 5000).click();",
                  "err": {},
                  "uuid": "ba7a4f47-53ae-40d0-872e-3e098f904b3f",
                  "parentUUID": "d2deb9bb-4ef6-40db-ab04-8018d5f08d0d",
                  "isHook": false,
                  "skipped": false
                },
                {
                  "title": "changing notification settings",
                  "fullTitle": "ncs-app Profile Dropdown changing notification settings",
                  "timedOut": false,
                  "duration": 11257,
                  "state": "passed",
                  "speed": "slow",
                  "pass": true,
                  "fail": false,
                  "pending": false,
                  "context": null,
                  "code": "await driver.sleep(2000);\nawait driver.wait(until.elementLocated(By.id(\"all\")), 5000).click();\nawait driver.sleep(2000);\n await driver.wait(until.elementLocated(By.id(\"direct\")), 5000).click();\n await driver.sleep(2000);\nawait driver.wait(until.elementLocated(By.id(\"dnd\")), 5000).click();\nawait driver.sleep(2000);\nawait driver.wait(until.elementLocated(By.id(\"custom\")), 5000).click();\nawait driver.sleep(2000);\nawait driver.wait(until.elementLocated(By.id(\"all\")), 5000).click();",
                  "err": {},
                  "uuid": "163eb3d6-be03-4036-aff2-c46b62fe056d",
                  "parentUUID": "d2deb9bb-4ef6-40db-ab04-8018d5f08d0d",
                  "isHook": false,
                  "skipped": false
                },
                {
                  "title": "time settings",
                  "fullTitle": "ncs-app Profile Dropdown time settings",
                  "timedOut": false,
                  "duration": 3196,
                  "state": "passed",
                  "speed": "slow",
                  "pass": true,
                  "fail": false,
                  "pending": false,
                  "context": null,
                  "code": "await driver.sleep(2000);\n\nawait driver.findElement(By.id('clock-1')).click();\nawait driver.findElement(By.id('clock-1')).click();\n\nawait driver.findElement(By.id('clock-2')).click();\nawait driver.findElement(By.id('clock-2')).click();",
                  "err": {},
                  "uuid": "a15fb6d1-80fb-49d6-b5fb-6746235f3ada",
                  "parentUUID": "d2deb9bb-4ef6-40db-ab04-8018d5f08d0d",
                  "isHook": false,
                  "skipped": false
                },
                {
                  "title": "Notification popup",
                  "fullTitle": "ncs-app Profile Dropdown Notification popup",
                  "timedOut": false,
                  "duration": 630,
                  "state": "passed",
                  "speed": "slow",
                  "pass": true,
                  "fail": false,
                  "pending": false,
                  "context": null,
                  "code": "const option = await driver.wait(until.elementLocated(By.id(\"optionDefault\")), 5000);\nawait option.click();\nfor (let i = 0; i < 2; i++) {\nawait driver.actions().sendKeys(Key.ARROW_DOWN).perform();\n}\n\nawait driver.actions().sendKeys(Key.ENTER).perform();\nawait option.click();\nfor (let i = 0; i < 1; i++) {\nawait driver.actions().sendKeys(Key.ARROW_DOWN).perform();\n}\n// await driver.actions().sendKeys(Key.ARROW_DOWN).perform();\nawait driver.actions().sendKeys(Key.ENTER).perform();",
                  "err": {},
                  "uuid": "8352ce9a-e4eb-4751-9d37-1a4d7fdbd445",
                  "parentUUID": "d2deb9bb-4ef6-40db-ab04-8018d5f08d0d",
                  "isHook": false,
                  "skipped": false
                },
                {
                  "title": "Notification sound",
                  "fullTitle": "ncs-app Profile Dropdown Notification sound",
                  "timedOut": false,
                  "duration": 7136,
                  "state": "passed",
                  "speed": "slow",
                  "pass": true,
                  "fail": false,
                  "pending": false,
                  "context": null,
                  "code": "const muteSound = await driver.wait(until.elementLocated(By.id(\"muteSound\")), 5000);\nawait driver.sleep(2000); \nawait driver.executeScript(\"arguments[0].scrollIntoView(true);\", muteSound);\nawait driver.sleep(3000);  // Give it some time to scroll\nawait driver.executeScript(\"arguments[0].click();\", muteSound);\nawait driver.sleep(2000);  \nawait driver.executeScript(\"arguments[0].click();\", muteSound);",
                  "err": {},
                  "uuid": "91a31238-b874-4c96-b502-e2dc0e7e9051",
                  "parentUUID": "d2deb9bb-4ef6-40db-ab04-8018d5f08d0d",
                  "isHook": false,
                  "skipped": false
                },
                {
                  "title": "about",
                  "fullTitle": "ncs-app Profile Dropdown about",
                  "timedOut": false,
                  "duration": 2299,
                  "state": "passed",
                  "speed": "slow",
                  "pass": true,
                  "fail": false,
                  "pending": false,
                  "context": null,
                  "code": "await driver.sleep(2000);  \nawait driver.wait(until.elementLocated(By.id(\"About\")), 5000).click();",
                  "err": {},
                  "uuid": "d2f71bf4-3c9d-465d-a074-5dd5c25cb61a",
                  "parentUUID": "d2deb9bb-4ef6-40db-ab04-8018d5f08d0d",
                  "isHook": false,
                  "skipped": false
                },
                {
                  "title": "closing profile modal",
                  "fullTitle": "ncs-app Profile Dropdown closing profile modal",
                  "timedOut": false,
                  "duration": 2323,
                  "state": "passed",
                  "speed": "slow",
                  "pass": true,
                  "fail": false,
                  "pending": false,
                  "context": null,
                  "code": "await driver.sleep(2000);\nawait driver.wait(until.elementLocated(By.id(\"modalsetclose\")), 5000).click();",
                  "err": {},
                  "uuid": "30951647-e8e6-46a6-87a5-fb2051da22a2",
                  "parentUUID": "d2deb9bb-4ef6-40db-ab04-8018d5f08d0d",
                  "isHook": false,
                  "skipped": false
                },
                {
                  "title": "cancelling log out",
                  "fullTitle": "ncs-app Profile Dropdown cancelling log out",
                  "timedOut": false,
                  "duration": 3808,
                  "state": "passed",
                  "speed": "slow",
                  "pass": true,
                  "fail": false,
                  "pending": false,
                  "context": null,
                  "code": "await driver.findElement(By.id('profile-dropdown')).click();\nawait driver.sleep(1000);\nawait driver.wait(until.elementLocated(By.id(\"logout\")), 5000).click();\nawait driver.sleep(2000);\nawait driver.wait(until.elementLocated(By.id(\"Logoutcancel\")), 5000).click();",
                  "err": {},
                  "uuid": "c2e82601-c580-43d9-b357-3546b72d0f53",
                  "parentUUID": "d2deb9bb-4ef6-40db-ab04-8018d5f08d0d",
                  "isHook": false,
                  "skipped": false
                },
                {
                  "title": "log out",
                  "fullTitle": "ncs-app Profile Dropdown log out",
                  "timedOut": false,
                  "duration": 4621,
                  "state": "passed",
                  "speed": "slow",
                  "pass": true,
                  "fail": false,
                  "pending": false,
                  "context": null,
                  "code": "await driver.sleep(2000);\nawait driver.wait(until.elementLocated(By.id(\"logout\")), 5000).click();\nawait driver.sleep(2000);\nawait driver.wait(until.elementLocated(By.id(\"Logoutok\")), 5000).click();",
                  "err": {},
                  "uuid": "7ddfbfd2-7aa2-4982-b1a4-74ea6c65ceb0",
                  "parentUUID": "d2deb9bb-4ef6-40db-ab04-8018d5f08d0d",
                  "isHook": false,
                  "skipped": false
                }
              ],
              "suites": [],
              "passes": [
                "53b82974-c9d4-48d5-b048-f9ba469bfac5",
                "0cc2a4d4-091f-4a8a-891e-78ed2860de82",
                "041cfa6a-9265-4027-a804-3846673c58f6",
                "e034beb6-e77c-41c3-a166-42513954d2f5",
                "c69788a4-3f45-465c-8307-fc68a7dcc3da",
                "63ab0952-1b48-4957-bcb2-a512e7c9eefc",
                "3e2e40bd-86c5-4ee6-86be-5273ce8b1298",
                "ded08efb-498c-4e7c-94e6-f38c00a8799b",
                "edcbb0bf-cdda-4215-bd0f-a8ea15b970d3",
                "ecd3296f-78e7-4428-95db-14075b2f654d",
                "b5c16338-9748-46e5-9148-21cadd6a3b33",
                "a60394da-a074-4718-a95d-a0d6daa76903",
                "ba7a4f47-53ae-40d0-872e-3e098f904b3f",
                "163eb3d6-be03-4036-aff2-c46b62fe056d",
                "a15fb6d1-80fb-49d6-b5fb-6746235f3ada",
                "8352ce9a-e4eb-4751-9d37-1a4d7fdbd445",
                "91a31238-b874-4c96-b502-e2dc0e7e9051",
                "d2f71bf4-3c9d-465d-a074-5dd5c25cb61a",
                "30951647-e8e6-46a6-87a5-fb2051da22a2",
                "c2e82601-c580-43d9-b357-3546b72d0f53",
                "7ddfbfd2-7aa2-4982-b1a4-74ea6c65ceb0"
              ],
              "failures": [],
              "pending": [],
              "skipped": [],
              "duration": 83628,
              "root": false,
              "rootEmpty": false,
              "_timeout": 100000
            }
          ],
          "passes": [],
          "failures": [],
          "pending": [],
          "skipped": [],
          "duration": 0,
          "root": false,
          "rootEmpty": false,
          "_timeout": 2000
        }
      ],
      "passes": [],
      "failures": [],
      "pending": [],
      "skipped": [],
      "duration": 0,
      "root": true,
      "rootEmpty": true,
      "_timeout": 2000
    }
  ],
  "meta": {
    "mocha": {
      "version": "10.7.3"
    },
    "mochawesome": {
      "options": {
        "quiet": false,
        "reportFilename": "mochawesome",
        "saveHtml": true,
        "saveJson": true,
        "consoleReporter": "spec",
        "useInlineDiffs": false,
        "code": true
      },
      "version": "7.1.3"
    },
    "marge": {
      "options": null,
      "version": "6.2.0"
    }
  }
}